[25-May-2023 12:24:35 UTC] PHP Warning:  Undefined array key "url" in /Users/GTO86/Local Sites/chaker-survey/app/public/wp-content/plugins/woorise/includes/class-woorise-embed.php on line 139
[25-May-2023 12:25:04 UTC] PHP Warning:  Undefined array key "url" in /Users/GTO86/Local Sites/chaker-survey/app/public/wp-content/plugins/woorise/includes/class-woorise-embed.php on line 139
[25-May-2023 12:25:36 UTC] PHP Warning:  Undefined array key "url" in /Users/GTO86/Local Sites/chaker-survey/app/public/wp-content/plugins/woorise/includes/class-woorise-embed.php on line 139
[25-May-2023 13:44:35 UTC] PHP Fatal error:  Uncaught TypeError: TotalSurveyVendors\TotalSuite\Foundation\Support\Arrays::pull(): Argument #1 ($array) must be of type array, null given, called in /Users/GTO86/Local Sites/chaker-survey/app/public/wp-content/plugins/totalsurvey/src/Actions/Surveys/Section.php on line 25 and defined in /Users/GTO86/Local Sites/chaker-survey/app/public/wp-content/plugins/totalsurvey/vendor/totalsuite/foundation/src/Support/Arrays.php:132
Stack trace:
#0 /Users/GTO86/Local Sites/chaker-survey/app/public/wp-content/plugins/totalsurvey/src/Actions/Surveys/Section.php(25): TotalSurveyVendors\TotalSuite\Foundation\Support\Arrays::pull(NULL, 'survey_uid', '')
#1 [internal function]: TotalSurvey\Actions\Surveys\Section->execute()
#2 /Users/GTO86/Local Sites/chaker-survey/app/public/wp-content/plugins/totalsurvey/vendor/totalsuite/foundation/src/Action.php(60): call_user_func_array(Array, Array)
#3 /Users/GTO86/Local Sites/chaker-survey/app/public/wp-content/plugins/totalsurvey/vendor/totalsuite/foundation/src/WordPress/Rest/Router.php(123): TotalSurveyVendors\TotalSuite\Foundation\Action->__invoke(Object(TotalSurveyVendors\TotalSuite\Foundation\Http\Request), Array)
#4 /Users/GTO86/Local Sites/chaker-survey/app/public/wp-includes/rest-api/class-wp-rest-server.php(1181): TotalSurveyVendors\TotalSuite\Foundation\WordPress\Rest\Router->TotalSurveyVendors\TotalSuite\Foundation\WordPress\Rest\{closure}(Object(WP_REST_Request))
#5 /Users/GTO86/Local Sites/chaker-survey/app/public/wp-includes/rest-api/class-wp-rest-server.php(1028): WP_REST_Server->respond_to_request(Object(WP_REST_Request), '/totalsurvey/su...', Array, NULL)
#6 /Users/GTO86/Local Sites/chaker-survey/app/public/wp-includes/rest-api/class-wp-rest-server.php(442): WP_REST_Server->dispatch(Object(WP_REST_Request))
#7 /Users/GTO86/Local Sites/chaker-survey/app/public/wp-includes/rest-api.php(410): WP_REST_Server->serve_request('/totalsurvey/su...')
#8 /Users/GTO86/Local Sites/chaker-survey/app/public/wp-includes/class-wp-hook.php(308): rest_api_loaded(Object(WP))
#9 /Users/GTO86/Local Sites/chaker-survey/app/public/wp-includes/class-wp-hook.php(332): WP_Hook->apply_filters('', Array)
#10 /Users/GTO86/Local Sites/chaker-survey/app/public/wp-includes/plugin.php(565): WP_Hook->do_action(Array)
#11 /Users/GTO86/Local Sites/chaker-survey/app/public/wp-includes/class-wp.php(399): do_action_ref_array('parse_request', Array)
#12 /Users/GTO86/Local Sites/chaker-survey/app/public/wp-includes/class-wp.php(780): WP->parse_request('')
#13 /Users/GTO86/Local Sites/chaker-survey/app/public/wp-includes/functions.php(1334): WP->main('')
#14 /Users/GTO86/Local Sites/chaker-survey/app/public/wp-blog-header.php(16): wp()
#15 /Users/GTO86/Local Sites/chaker-survey/app/public/index.php(17): require('/Users/GTO86/Lo...')
#16 {main}
  thrown in /Users/GTO86/Local Sites/chaker-survey/app/public/wp-content/plugins/totalsurvey/vendor/totalsuite/foundation/src/Support/Arrays.php on line 132
